mode: set
go-helm-cli/cmd/main.go:28.13,35.22 6 0
go-helm-cli/cmd/main.go:40.2,40.20 1 0
go-helm-cli/cmd/main.go:35.22,38.3 2 0
go-helm-cli/cmd/main.go:41.13,43.24 2 0
go-helm-cli/cmd/main.go:47.3,49.17 3 0
go-helm-cli/cmd/main.go:52.3,52.43 1 0
go-helm-cli/cmd/main.go:54.15,57.17 3 0
go-helm-cli/cmd/main.go:60.3,60.58 1 0
go-helm-cli/cmd/main.go:62.17,65.20 3 0
go-helm-cli/cmd/main.go:69.3,71.17 3 0
go-helm-cli/cmd/main.go:74.3,74.64 1 0
go-helm-cli/cmd/main.go:76.16,79.17 3 0
go-helm-cli/cmd/main.go:82.3,83.35 2 0
go-helm-cli/cmd/main.go:87.10,89.13 2 0
go-helm-cli/cmd/main.go:43.24,46.4 2 0
go-helm-cli/cmd/main.go:49.17,51.4 1 0
go-helm-cli/cmd/main.go:57.17,59.4 1 0
go-helm-cli/cmd/main.go:65.20,68.4 2 0
go-helm-cli/cmd/main.go:71.17,73.4 1 0
go-helm-cli/cmd/main.go:79.17,81.4 1 0
go-helm-cli/cmd/main.go:83.35,85.4 1 0
go-helm-cli/cmd/main.go:93.43,95.55 1 1
go-helm-cli/cmd/main.go:100.2,101.16 2 1
go-helm-cli/cmd/main.go:106.2,110.16 3 1
go-helm-cli/cmd/main.go:114.2,114.12 1 1
go-helm-cli/cmd/main.go:95.55,97.3 1 0
go-helm-cli/cmd/main.go:101.16,103.3 1 0
go-helm-cli/cmd/main.go:110.16,112.3 1 0
go-helm-cli/cmd/main.go:117.32,119.16 2 0
go-helm-cli/cmd/main.go:123.2,130.49 2 0
go-helm-cli/cmd/main.go:140.2,142.16 3 0
go-helm-cli/cmd/main.go:146.2,146.12 1 0
go-helm-cli/cmd/main.go:119.16,121.3 1 0
go-helm-cli/cmd/main.go:130.49,138.3 3 0
go-helm-cli/cmd/main.go:142.16,144.3 1 0
go-helm-cli/cmd/main.go:149.56,156.37 4 0
go-helm-cli/cmd/main.go:161.5,166.37 4 0
go-helm-cli/cmd/main.go:170.5,170.15 1 0
go-helm-cli/cmd/main.go:156.37,158.6 1 0
go-helm-cli/cmd/main.go:166.37,168.6 1 0
go-helm-cli/cmd/main.go:174.39,176.16 2 0
go-helm-cli/cmd/main.go:180.2,182.49 2 0
go-helm-cli/cmd/main.go:201.2,201.23 1 0
go-helm-cli/cmd/main.go:176.16,178.3 1 0
go-helm-cli/cmd/main.go:182.49,187.17 4 0
go-helm-cli/cmd/main.go:191.3,193.17 3 0
go-helm-cli/cmd/main.go:197.3,198.47 2 0
go-helm-cli/cmd/main.go:187.17,189.4 1 0
go-helm-cli/cmd/main.go:193.17,195.4 1 0
go-helm-cli/cmd/main.go:204.42,208.16 3 1
go-helm-cli/cmd/main.go:212.2,213.16 2 1
go-helm-cli/cmd/main.go:217.2,217.23 1 1
go-helm-cli/cmd/main.go:208.16,210.3 1 0
go-helm-cli/cmd/main.go:213.16,215.3 1 0
go-helm-cli/cmd/main.go:220.48,222.16 2 1
go-helm-cli/cmd/main.go:226.2,227.16 2 1
go-helm-cli/cmd/main.go:231.2,231.12 1 1
go-helm-cli/cmd/main.go:222.16,224.3 1 0
go-helm-cli/cmd/main.go:227.16,229.3 1 0
go-helm-cli/cmd/main.go:234.78,236.16 2 0
go-helm-cli/cmd/main.go:240.2,241.16 2 0
go-helm-cli/cmd/main.go:245.2,245.12 1 0
go-helm-cli/cmd/main.go:236.16,238.3 1 0
go-helm-cli/cmd/main.go:241.16,243.3 1 0
go-helm-cli/cmd/main.go:248.48,251.2 2 0
go-helm-cli/cmd/main.go:253.63,256.2 2 0
go-helm-cli/cmd/main.go:258.70,261.27 2 0
go-helm-cli/cmd/main.go:271.2,271.19 1 0
go-helm-cli/cmd/main.go:261.27,262.46 1 0
go-helm-cli/cmd/main.go:262.46,263.35 1 0
go-helm-cli/cmd/main.go:263.35,264.43 1 0
go-helm-cli/cmd/main.go:264.43,266.6 1 0
